<?xml version="1.0" encoding="UTF-8"?>
<testsuite xmlns:xsi="http://www.w3.org/2001/XMLSchema-instance" xsi:noNamespaceSchemaLocation="https://maven.apache.org/surefire/maven-surefire-plugin/xsd/surefire-test-report.xsd" name="br.com.mvc.service.RegraDeNegocioTest" time="0.325" tests="5" errors="0" skipped="0" failures="0">
  <properties>
[...]
</properties>
  <testcase name="autenticarUsuarioValido_deveRetornarUsuario" classname="br.com.mvc.service.RegraDeNegocioTest" time="0.266"/>
  <testcase name="salvarUsuarioComSenhaCurta_deveLancarErro" classname="br.com.mvc.service.RegraDeNegocioTest" time="0.002"/>
  <testcase name="salvarAvaliacaoComNotaInvalida_deveLancarErro" classname="br.com.mvc.service.RegraDeNegocioTest" time="0.018"/>
  <testcase name="recomendarComCategoriasValidas_deveRetornarFilmes" classname="br.com.mvc.service.RegraDeNegocioTest" time="0.009"/>
  <testcase name="autenticarUsuarioInvalido_deveLancarErro" classname="br.com.mvc.service.RegraDeNegocioTest" time="0.003"/>
</testsuite>